This file contains any messages produced by compilers while
running configure, to aid debugging if configure makes a mistake.

It was created by guile-hall configure 0.4.0, which was
generated by GNU Autoconf 2.71.  Invocation command line was

  $ ./configure

## --------- ##
## Platform. ##
## --------- ##

hostname = HP8300
uname -m = x86_64
uname -r = 5.10.0-5-amd64
uname -s = Linux
uname -v = #1 SMP Debian 5.10.26-1 (2021-03-27)

/usr/bin/uname -p = unknown
/bin/uname -X     = unknown

/bin/arch              = unknown
/usr/bin/arch -k       = unknown
/usr/convex/getsysinfo = unknown
/usr/bin/hostinfo      = unknown
/bin/machine           = unknown
/usr/bin/oslevel       = unknown
/bin/universe          = unknown

PATH: /home/mbc/.guix-profile/bin/
PATH: /home/mbc/.config/guix/current/bin/
PATH: /home/mbc/.nvm/versions/node/v12.22.0/bin/
PATH: /gnu/store/91myk2ihbvzsg29nfdajxx304rhy1l4a-profile/bin/
PATH: /gnu/store/91myk2ihbvzsg29nfdajxx304rhy1l4a-profile/sbin/
PATH: /home/mbc/.guix-profile/bin/
PATH: /home/mbc/.config/guix/current/bin/
PATH: /usr/local/bin/
PATH: /usr/bin/
PATH: /bin/
PATH: /usr/local/games/
PATH: /usr/games/


## ----------- ##
## Core tests. ##
## ----------- ##

configure:1734: looking for aux files: missing install-sh
configure:1747:  trying ./build-aux/
configure:1776:   ./build-aux/missing found
configure:1758:   ./build-aux/install-sh found
configure:1915: checking for a BSD-compatible install
configure:1988: result: /home/mbc/.guix-profile/bin/install -c
configure:1999: checking whether build environment is sane
configure:2054: result: yes
configure:2218: checking for a race-free mkdir -p
configure:2262: result: /home/mbc/.guix-profile/bin/mkdir -p
configure:2269: checking for gawk
configure:2290: found /home/mbc/.guix-profile/bin/gawk
configure:2301: result: gawk
configure:2312: checking whether make sets $(MAKE)
configure:2335: result: yes
configure:2365: checking whether make supports nested variables
configure:2383: result: yes
configure:2517: checking whether make supports nested variables
configure:2535: result: yes
configure:2612: checking for pkg-config
configure:2635: found /home/mbc/.guix-profile/bin/pkg-config
configure:2647: result: /home/mbc/.guix-profile/bin/pkg-config
configure:2672: checking pkg-config is at least version 0.9.0
configure:2675: result: yes
configure:2703: checking for guile 3.0
configure:2706: $PKG_CONFIG --exists --print-errors "guile-$v"
configure:2709: $? = 0
configure:2726: found guile 3.0
configure:2747: checking for guile-3.0
configure:2770: found /usr/bin/guile-3.0
configure:2782: result: /usr/bin/guile-3.0
configure:2810: checking for Guile version >= 3.0
configure:2838: result: 3.0.5
configure:2843: checking for guild-3.0
configure:2866: found /usr/bin/guild-3.0
configure:2878: result: /usr/bin/guild-3.0
configure:2890: checking for guile-config-3.0
configure:2913: found /usr/bin/guile-config-3.0
configure:2925: result: /usr/bin/guile-config-3.0
configure:2987: checking for Guile site directory
configure:2990: result: /usr/share/guile/site/3.0
configure:2999: checking for Guile site-ccache directory using pkgconfig
configure:3016: result: /usr/lib/x86_64-linux-gnu/guile/3.0/site-ccache
configure:3019: checking for Guile extensions directory
configure:3022: result: /usr/lib/x86_64-linux-gnu/guile/3.0/extensions
configure:3035: checking if (config) is available
configure:3042: result: yes
configure:3193: checking that generated files are newer than configure
configure:3199: result: done
configure:3207: creating ./config.status

## ---------------------- ##
## Running config.status. ##
## ---------------------- ##

This file was extended by guile-hall config.status 0.4.0, which was
generated by GNU Autoconf 2.71.  Invocation command line was

  CONFIG_FILES    = 
  CONFIG_HEADERS  = 
  CONFIG_LINKS    = 
  CONFIG_COMMANDS = 
  $ ./config.status 

on HP8300

config.status:755: creating Makefile
config.status:755: creating pre-inst-env
config.status:755: creating scripts/hall

## ---------------- ##
## Cache variables. ##
## ---------------- ##

ac_cv_env_PKG_CONFIG_LIBDIR_set=
ac_cv_env_PKG_CONFIG_LIBDIR_value=
ac_cv_env_PKG_CONFIG_PATH_set=set
ac_cv_env_PKG_CONFIG_PATH_value=/usr/share:/usr/lib:/usr/lib/x86_64-linux-gnu:/usr/lib/x86_64-linux-gnu/pkgconfig
ac_cv_env_PKG_CONFIG_set=
ac_cv_env_PKG_CONFIG_value=
ac_cv_env_build_alias_set=
ac_cv_env_build_alias_value=
ac_cv_env_host_alias_set=
ac_cv_env_host_alias_value=
ac_cv_env_target_alias_set=
ac_cv_env_target_alias_value=
ac_cv_path_GUILD=/usr/bin/guild-3.0
ac_cv_path_GUILE=/usr/bin/guile-3.0
ac_cv_path_GUILE_CONFIG=/usr/bin/guile-config-3.0
ac_cv_path_ac_pt_PKG_CONFIG=/home/mbc/.guix-profile/bin/pkg-config
ac_cv_path_install='/home/mbc/.guix-profile/bin/install -c'
ac_cv_path_mkdir=/home/mbc/.guix-profile/bin/mkdir
ac_cv_prog_AWK=gawk
ac_cv_prog_make_make_set=yes
am_cv_make_support_nested_variables=yes

## ----------------- ##
## Output variables. ##
## ----------------- ##

ACLOCAL='${SHELL} /home/mbc/projects/guile-hall/build-aux/missing aclocal-1.16'
AMTAR='$${TAR-tar}'
AM_BACKSLASH='\'
AM_DEFAULT_V='$(AM_DEFAULT_VERBOSITY)'
AM_DEFAULT_VERBOSITY='0'
AM_V='$(V)'
AUTHOR='"Alex Sassmannshausen"'
AUTOCONF='${SHELL} /home/mbc/projects/guile-hall/build-aux/missing autoconf'
AUTOHEADER='${SHELL} /home/mbc/projects/guile-hall/build-aux/missing autoheader'
AUTOMAKE='${SHELL} /home/mbc/projects/guile-hall/build-aux/missing automake-1.16'
AWK='gawk'
COPYRIGHT=''\''(2018 2020 2021)'
CYGPATH_W='echo'
DEFS='-DPACKAGE_NAME=\"guile-hall\" -DPACKAGE_TARNAME=\"guile-hall\" -DPACKAGE_VERSION=\"0.4.0\" -DPACKAGE_STRING=\"guile-hall\ 0.4.0\" -DPACKAGE_BUGREPORT=\"\" -DPACKAGE_URL=\"\" -DPACKAGE=\"guile-hall\" -DVERSION=\"0.4.0\"'
ECHO_C=''
ECHO_N='-n'
ECHO_T=''
GUILD='/usr/bin/guild-3.0'
GUILE='/usr/bin/guile-3.0'
GUILE_CONFIG='/usr/bin/guile-config-3.0'
GUILE_EFFECTIVE_VERSION='3.0'
GUILE_EXTENSION='/usr/lib/x86_64-linux-gnu/guile/3.0/extensions'
GUILE_SITE='/usr/share/guile/site/3.0'
GUILE_SITE_CCACHE='/usr/lib/x86_64-linux-gnu/guile/3.0/site-ccache'
GUILE_TOOLS='/usr/bin/guild-3.0'
HVERSION='"0.4.0"'
INSTALL_DATA='${INSTALL} -m 644'
INSTALL_PROGRAM='${INSTALL}'
INSTALL_SCRIPT='${INSTALL}'
INSTALL_STRIP_PROGRAM='$(install_sh) -c -s'
LIBOBJS=''
LIBS=''
LICENSE='gpl3+'
LTLIBOBJS=''
MAKEINFO='${SHELL} /home/mbc/projects/guile-hall/build-aux/missing makeinfo'
MKDIR_P='/home/mbc/.guix-profile/bin/mkdir -p'
PACKAGE='guile-hall'
PACKAGE_BUGREPORT=''
PACKAGE_NAME='guile-hall'
PACKAGE_STRING='guile-hall 0.4.0'
PACKAGE_TARNAME='guile-hall'
PACKAGE_URL=''
PACKAGE_VERSION='0.4.0'
PATH_SEPARATOR=':'
PKG_CONFIG='/home/mbc/.guix-profile/bin/pkg-config'
PKG_CONFIG_LIBDIR=''
PKG_CONFIG_PATH='/usr/share:/usr/lib:/usr/lib/x86_64-linux-gnu:/usr/lib/x86_64-linux-gnu/pkgconfig'
SET_MAKE=''
SHELL='/bin/bash'
STRIP=''
VERSION='0.4.0'
am__isrc=''
am__leading_dot='.'
am__tar='$${TAR-tar} chof - "$$tardir"'
am__untar='$${TAR-tar} xf -'
bindir='${exec_prefix}/bin'
build_alias=''
datadir='${datarootdir}'
datarootdir='${prefix}/share'
docdir='${datarootdir}/doc/${PACKAGE_TARNAME}'
dvidir='${docdir}'
exec_prefix='${prefix}'
guilemoduledir='${prefix}/share/guile/site/3.0'
guileobjectdir='${exec_prefix}/lib/guile/3.0/site-ccache'
host_alias=''
htmldir='${docdir}'
includedir='${prefix}/include'
infodir='${datarootdir}/info'
install_sh='${SHELL} /home/mbc/projects/guile-hall/build-aux/install-sh'
libdir='${exec_prefix}/lib'
libexecdir='${exec_prefix}/libexec'
localedir='${datarootdir}/locale'
localstatedir='${prefix}/var'
mandir='${datarootdir}/man'
mkdir_p='$(MKDIR_P)'
oldincludedir='/usr/include'
pdfdir='${docdir}'
prefix='/usr/local'
program_transform_name='s,x,x,'
psdir='${docdir}'
runstatedir='${localstatedir}/run'
sbindir='${exec_prefix}/sbin'
sharedstatedir='${prefix}/com'
sysconfdir='${prefix}/etc'
target_alias=''

## ----------- ##
## confdefs.h. ##
## ----------- ##

/* confdefs.h */
#define PACKAGE_NAME "guile-hall"
#define PACKAGE_TARNAME "guile-hall"
#define PACKAGE_VERSION "0.4.0"
#define PACKAGE_STRING "guile-hall 0.4.0"
#define PACKAGE_BUGREPORT ""
#define PACKAGE_URL ""
#define PACKAGE "guile-hall"
#define VERSION "0.4.0"

configure: exit 0
